{"name": "test_login_secretary", "status": "broken", "statusDetails": {"message": "selenium.common.exceptions.TimeoutException: Message: \nStacktrace:\nBacktrace:\n\tOrdinal0 [0x01419943+2595139]\n\tOrdinal0 [0x013AC9F1+2148849]\n\tOrdinal0 [0x012A4528+1066280]\n\tOrdinal0 [0x012D0FD4+1249236]\n\tOrdinal0 [0x012D11CB+1249739]\n\tOrdinal0 [0x012FD812+1431570]\n\tOrdinal0 [0x012EBA34+1358388]\n\tOrdinal0 [0x012FBAF2+1424114]\n\tOrdinal0 [0x012EB806+1357830]\n\tOrdinal0 [0x012C6086+1204358]\n\tOrdinal0 [0x012C6F96+1208214]\n\tGetHandleVerifier [0x015BB232+1658114]\n\tGetHandleVerifier [0x0167312C+2411516]\n\tGetHandleVerifier [0x014AF261+560433]\n\tGetHandleVerifier [0x014AE366+556598]\n\tOrdinal0 [0x013B286B+2173035]\n\tOrdinal0 [0x013B75F8+2192888]\n\tOrdinal0 [0x013B76E5+2193125]\n\tOrdinal0 [0x013C11FC+2232828]\n\tBaseThreadInitThunk [0x771962C4+36]\n\tRtlSubscribeWnfStateChangeNotification [0x77E60F79+1081]\n\tRtlSubscribeWnfStateChangeNotification [0x77E60F44+1028]", "trace": "app = <pages.application.Application object at 0x000001603EA43100>\n\n    @allure.description(\"This test login secretaru with valid data\")\n    @pytest.mark.login\n    def test_login_secretary(app):\n>   \tapp.login.login(invalid_login=\"a123\", invalid_password=\"123\",\n    \t\tvalid_login=\"testsecr@inboxbear.com\", valid_password=\"1234Qwer\" )\n\ntests\\test_login.py:19: \n_ _ _ _ _ _ _ _ _ _ _ _ _ _ _ _ _ _ _ _ _ _ _ _ _ _ _ _ _ _ _ _ _ _ _ _ _ _ _ _ _ _ _ _ _ _ _ _ _ _ _ _ _ _ _ _ _ _ _ _ _ _ _ _ _ _ _ _ _ _ _ _ _ _ _ _ _ _ _ _ _ _ _\npages\\login.py:16: in login\n    invalid_email = WebDriverWait(wd, 5).until(EC.presence_of_element_located((By.XPATH ,\n_ _ _ _ _ _ _ _ _ _ _ _ _ _ _ _ _ _ _ _ _ _ _ _ _ _ _ _ _ _ _ _ _ _ _ _ _ _ _ _ _ _ _ _ _ _ _ _ _ _ _ _ _ _ _ _ _ _ _ _ _ _ _ _ _ _ _ _ _ _ _ _ _ _ _ _ _ _ _ _ _ _ _\n\nself = <selenium.webdriver.support.wait.WebDriverWait (session=\"42a82a4a83f3f081ab710b855ad3b44a\")>\nmethod = <function presence_of_element_located.<locals>._predicate at 0x000001603F3BB1F0>, message = ''\n\n    def until(self, method, message=''):\n        \"\"\"Calls the method provided with the driver as an argument until the \\\n        return value does not evaluate to ``False``.\n    \n        :param method: callable(WebDriver)\n        :param message: optional message for :exc:`TimeoutException`\n        :returns: the result of the last call to `method`\n        :raises: :exc:`selenium.common.exceptions.TimeoutException` if timeout occurs\n        \"\"\"\n        screen = None\n        stacktrace = None\n    \n        end_time = time.time() + self._timeout\n        while True:\n            try:\n                value = method(self._driver)\n                if value:\n                    return value\n            except InvalidSelectorException as e:\n                raise e\n            except self._ignored_exceptions as exc:\n                screen = getattr(exc, 'screen', None)\n                stacktrace = getattr(exc, 'stacktrace', None)\n            time.sleep(self._poll)\n            if time.time() > end_time:\n                break\n>       raise TimeoutException(message, screen, stacktrace)\nE       selenium.common.exceptions.TimeoutException: Message: \nE       Stacktrace:\nE       Backtrace:\nE       \tOrdinal0 [0x01419943+2595139]\nE       \tOrdinal0 [0x013AC9F1+2148849]\nE       \tOrdinal0 [0x012A4528+1066280]\nE       \tOrdinal0 [0x012D0FD4+1249236]\nE       \tOrdinal0 [0x012D11CB+1249739]\nE       \tOrdinal0 [0x012FD812+1431570]\nE       \tOrdinal0 [0x012EBA34+1358388]\nE       \tOrdinal0 [0x012FBAF2+1424114]\nE       \tOrdinal0 [0x012EB806+1357830]\nE       \tOrdinal0 [0x012C6086+1204358]\nE       \tOrdinal0 [0x012C6F96+1208214]\nE       \tGetHandleVerifier [0x015BB232+1658114]\nE       \tGetHandleVerifier [0x0167312C+2411516]\nE       \tGetHandleVerifier [0x014AF261+560433]\nE       \tGetHandleVerifier [0x014AE366+556598]\nE       \tOrdinal0 [0x013B286B+2173035]\nE       \tOrdinal0 [0x013B75F8+2192888]\nE       \tOrdinal0 [0x013B76E5+2193125]\nE       \tOrdinal0 [0x013C11FC+2232828]\nE       \tBaseThreadInitThunk [0x771962C4+36]\nE       \tRtlSubscribeWnfStateChangeNotification [0x77E60F79+1081]\nE       \tRtlSubscribeWnfStateChangeNotification [0x77E60F44+1028]\n\nvenv\\lib\\site-packages\\selenium\\webdriver\\support\\wait.py:89: TimeoutException"}, "description": "This test login secretaru with valid data", "start": 1647859721444, "stop": 1647859728708, "uuid": "cffe2689-b97f-4fa8-ae43-49f8a3006a14", "historyId": "9b8de47e20cc9462fe032c047aaeddc6", "testCaseId": "0ba69f0848915b01a451d9ab702aa2a7", "fullName": "tests.test_login#test_login_secretary", "labels": [{"name": "tag", "value": "login"}, {"name": "parentSuite", "value": "tests"}, {"name": "suite", "value": "test_login"}, {"name": "host", "value": "EvgenPS"}, {"name": "thread", "value": "3368-MainThread"}, {"name": "framework", "value": "pytest"}, {"name": "language", "value": "cpython3"}, {"name": "package", "value": "tests.test_login"}]}