<!DOCTYPE html>
<html>
  <head>
    <meta charset="utf-8"/>
    <title>Test Report</title>
    <link href="assets/style.css" rel="stylesheet" type="text/css"/></head>
  <body onLoad="init()">
    <script>/* This Source Code Form is subject to the terms of the Mozilla Public
 * License, v. 2.0. If a copy of the MPL was not distributed with this file,
 * You can obtain one at http://mozilla.org/MPL/2.0/. */


function toArray(iter) {
    if (iter === null) {
        return null;
    }
    return Array.prototype.slice.call(iter);
}

function find(selector, elem) { // eslint-disable-line no-redeclare
    if (!elem) {
        elem = document;
    }
    return elem.querySelector(selector);
}

function findAll(selector, elem) {
    if (!elem) {
        elem = document;
    }
    return toArray(elem.querySelectorAll(selector));
}

function sortColumn(elem) {
    toggleSortStates(elem);
    const colIndex = toArray(elem.parentNode.childNodes).indexOf(elem);
    let key;
    if (elem.classList.contains('result')) {
        key = keyResult;
    } else if (elem.classList.contains('links')) {
        key = keyLink;
    } else {
        key = keyAlpha;
    }
    sortTable(elem, key(colIndex));
}

function showAllExtras() { // eslint-disable-line no-unused-vars
    findAll('.col-result').forEach(showExtras);
}

function hideAllExtras() { // eslint-disable-line no-unused-vars
    findAll('.col-result').forEach(hideExtras);
}

function showExtras(colresultElem) {
    const extras = colresultElem.parentNode.nextElementSibling;
    const expandcollapse = colresultElem.firstElementChild;
    extras.classList.remove('collapsed');
    expandcollapse.classList.remove('expander');
    expandcollapse.classList.add('collapser');
}

function hideExtras(colresultElem) {
    const extras = colresultElem.parentNode.nextElementSibling;
    const expandcollapse = colresultElem.firstElementChild;
    extras.classList.add('collapsed');
    expandcollapse.classList.remove('collapser');
    expandcollapse.classList.add('expander');
}

function showFilters() {
    const filterItems = document.getElementsByClassName('filter');
    for (let i = 0; i < filterItems.length; i++)
        filterItems[i].hidden = false;
}

function addCollapse() {
    // Add links for show/hide all
    const resulttable = find('table#results-table');
    const showhideall = document.createElement('p');
    showhideall.innerHTML = '<a href="javascript:showAllExtras()">Show all details</a> / ' +
                            '<a href="javascript:hideAllExtras()">Hide all details</a>';
    resulttable.parentElement.insertBefore(showhideall, resulttable);

    // Add show/hide link to each result
    findAll('.col-result').forEach(function(elem) {
        const collapsed = getQueryParameter('collapsed') || 'Passed';
        const extras = elem.parentNode.nextElementSibling;
        const expandcollapse = document.createElement('span');
        if (extras.classList.contains('collapsed')) {
            expandcollapse.classList.add('expander');
        } else if (collapsed.includes(elem.innerHTML)) {
            extras.classList.add('collapsed');
            expandcollapse.classList.add('expander');
        } else {
            expandcollapse.classList.add('collapser');
        }
        elem.appendChild(expandcollapse);

        elem.addEventListener('click', function(event) {
            if (event.currentTarget.parentNode.nextElementSibling.classList.contains('collapsed')) {
                showExtras(event.currentTarget);
            } else {
                hideExtras(event.currentTarget);
            }
        });
    });
}

function getQueryParameter(name) {
    const match = RegExp('[?&]' + name + '=([^&]*)').exec(window.location.search);
    return match && decodeURIComponent(match[1].replace(/\+/g, ' '));
}

function init () { // eslint-disable-line no-unused-vars
    resetSortHeaders();

    addCollapse();

    showFilters();

    sortColumn(find('.initial-sort'));

    findAll('.sortable').forEach(function(elem) {
        elem.addEventListener('click',
            function() {
                sortColumn(elem);
            }, false);
    });
}

function sortTable(clicked, keyFunc) {
    const rows = findAll('.results-table-row');
    const reversed = !clicked.classList.contains('asc');
    const sortedRows = sort(rows, keyFunc, reversed);
    /* Whole table is removed here because browsers acts much slower
     * when appending existing elements.
     */
    const thead = document.getElementById('results-table-head');
    document.getElementById('results-table').remove();
    const parent = document.createElement('table');
    parent.id = 'results-table';
    parent.appendChild(thead);
    sortedRows.forEach(function(elem) {
        parent.appendChild(elem);
    });
    document.getElementsByTagName('BODY')[0].appendChild(parent);
}

function sort(items, keyFunc, reversed) {
    const sortArray = items.map(function(item, i) {
        return [keyFunc(item), i];
    });

    sortArray.sort(function(a, b) {
        const keyA = a[0];
        const keyB = b[0];

        if (keyA == keyB) return 0;

        if (reversed) {
            return keyA < keyB ? 1 : -1;
        } else {
            return keyA > keyB ? 1 : -1;
        }
    });

    return sortArray.map(function(item) {
        const index = item[1];
        return items[index];
    });
}

function keyAlpha(colIndex) {
    return function(elem) {
        return elem.childNodes[1].childNodes[colIndex].firstChild.data.toLowerCase();
    };
}

function keyLink(colIndex) {
    return function(elem) {
        const dataCell = elem.childNodes[1].childNodes[colIndex].firstChild;
        return dataCell == null ? '' : dataCell.innerText.toLowerCase();
    };
}

function keyResult(colIndex) {
    return function(elem) {
        const strings = ['Error', 'Failed', 'Rerun', 'XFailed', 'XPassed',
            'Skipped', 'Passed'];
        return strings.indexOf(elem.childNodes[1].childNodes[colIndex].firstChild.data);
    };
}

function resetSortHeaders() {
    findAll('.sort-icon').forEach(function(elem) {
        elem.parentNode.removeChild(elem);
    });
    findAll('.sortable').forEach(function(elem) {
        const icon = document.createElement('div');
        icon.className = 'sort-icon';
        icon.textContent = 'vvv';
        elem.insertBefore(icon, elem.firstChild);
        elem.classList.remove('desc', 'active');
        elem.classList.add('asc', 'inactive');
    });
}

function toggleSortStates(elem) {
    //if active, toggle between asc and desc
    if (elem.classList.contains('active')) {
        elem.classList.toggle('asc');
        elem.classList.toggle('desc');
    }

    //if inactive, reset all other functions and add ascending active
    if (elem.classList.contains('inactive')) {
        resetSortHeaders();
        elem.classList.remove('inactive');
        elem.classList.add('active');
    }
}

function isAllRowsHidden(value) {
    return value.hidden == false;
}

function filterTable(elem) { // eslint-disable-line no-unused-vars
    const outcomeAtt = 'data-test-result';
    const outcome = elem.getAttribute(outcomeAtt);
    const classOutcome = outcome + ' results-table-row';
    const outcomeRows = document.getElementsByClassName(classOutcome);

    for(let i = 0; i < outcomeRows.length; i++){
        outcomeRows[i].hidden = !elem.checked;
    }

    const rows = findAll('.results-table-row').filter(isAllRowsHidden);
    const allRowsHidden = rows.length == 0 ? true : false;
    const notFoundMessage = document.getElementById('not-found-message');
    notFoundMessage.hidden = !allRowsHidden;
}
</script>
    <h1>a2.html</h1>
    <p>Report generated on 18-Apr-2022 at 16:41:45 by <a href="https://pypi.python.org/pypi/pytest-html">pytest-html</a> v3.1.1</p>
    <h2>Environment</h2>
    <table id="environment">
      <tr>
        <td>JAVA_HOME</td>
        <td>C:\Program Files\Java\jre1.8.0_321</td></tr>
      <tr>
        <td>Packages</td>
        <td>{"pluggy": "1.0.0", "py": "1.11.0", "pytest": "6.2.5"}</td></tr>
      <tr>
        <td>Platform</td>
        <td>Windows-10-10.0.14393-SP0</td></tr>
      <tr>
        <td>Plugins</td>
        <td>{"allure-pytest": "2.9.45", "html": "3.1.1", "metadata": "1.11.0"}</td></tr>
      <tr>
        <td>Python</td>
        <td>3.10.4</td></tr></table>
    <h2>Summary</h2>
    <p>22 tests ran in 966.20 seconds. </p>
    <p class="filter" hidden="true">(Un)check the boxes to filter the results.</p><input checked="true" class="filter" data-test-result="passed" hidden="true" name="filter_checkbox" onChange="filterTable(this)" type="checkbox"/><span class="passed">17 passed</span>, <input checked="true" class="filter" data-test-result="skipped" hidden="true" name="filter_checkbox" onChange="filterTable(this)" type="checkbox"/><span class="skipped">3 skipped</span>, <input checked="true" class="filter" data-test-result="failed" hidden="true" name="filter_checkbox" onChange="filterTable(this)" type="checkbox"/><span class="failed">5 failed</span>, <input checked="true" class="filter" data-test-result="error" disabled="true" hidden="true" name="filter_checkbox" onChange="filterTable(this)" type="checkbox"/><span class="error">0 errors</span>, <input checked="true" class="filter" data-test-result="xfailed" disabled="true" hidden="true" name="filter_checkbox" onChange="filterTable(this)" type="checkbox"/><span class="xfailed">0 expected failures</span>, <input checked="true" class="filter" data-test-result="xpassed" disabled="true" hidden="true" name="filter_checkbox" onChange="filterTable(this)" type="checkbox"/><span class="xpassed">0 unexpected passes</span>
    <h2>Results</h2>
    <table id="results-table">
      <thead id="results-table-head">
        <tr>
          <th class="sortable result initial-sort" col="result">Result</th>
          <th class="sortable" col="name">Test</th>
          <th class="sortable" col="duration">Duration</th>
          <th class="sortable links" col="links">Links</th></tr>
        <tr hidden="true" id="not-found-message">
          <th colspan="4">No results found. Try to check the filters</th></tr></thead>
      <tbody class="failed results-table-row">
        <tr>
          <td class="col-result">Failed</td>
          <td class="col-name">tests/test_createdepo_manually.py::test_deposition_create_manually_cansel[Nicholas Peter Burke : testatt@inboxbear.com;+380984521236;Cliona R Plunkett;attorney0@yahoo.com;415-348-3800-William C Lynn : opcounsel@online.ua;925-408-8546;Alyson N Beck;evgen20@yahoo.com;925-408-8546-Evgen Polsunov : report@inboxbear.com;+44775254885-Test_deposition2022-16-25-39 : deponent;256662;256652]</td>
          <td class="col-duration">136.59</td>
          <td class="col-links"></td></tr>
        <tr>
          <td class="extra" colspan="4">
            <div class="log">app = &lt;pages.application.Application object at 0x000001141F381810&gt;, deposition = Test_deposition2022-16-25-39 : deponent;256662;256652<br/>cr = Evgen Polsunov : report@inboxbear.com;+44775254885, op = William C Lynn : opcounsel@online.ua;925-408-8546;Alyson N Beck;evgen20@yahoo.com;925-408-8546<br/>att = Nicholas Peter Burke : testatt@inboxbear.com;+380984521236;Cliona R Plunkett;attorney0@yahoo.com;415-348-3800<br/><br/>    @allure.description(&quot;Create deposition case and cansel depo with check dots in calendar on home page&quot;)<br/>    @pytest.mark.parametrize(&quot;deposition&quot;, deposition, ids=[repr(x) for x in deposition])<br/>    @pytest.mark.parametrize(&quot;cr&quot;, cr, ids=[repr(x) for x in cr])<br/>    @pytest.mark.parametrize(&quot;op&quot;, op, ids=[repr(x) for x in op])<br/>    @pytest.mark.parametrize(&quot;att&quot;, attorneys, ids=[repr(x) for x in attorneys])<br/>    def test_deposition_create_manually_cansel(app, deposition, cr, op, att):<br/>    	app.session.login(login=&quot;testatt@inboxbear.com&quot;, password=&quot;1234Qwer&quot;)<br/>    	app.deposition.name_deposition(deposition.name)<br/>    	app.deposition.deponent_deposition(deposition.deponent)<br/>    	app.deposition.location_deposition()<br/>    	app.deposition.attorneys(deposition.sbn_op1, op.name)<br/>    	app.deposition.set_time_manually()<br/>    	app.deposition.upload_doc()<br/>    	app.deposition.delivery(cr.name)<br/>    	app.deposition.finish_depo_attorney(deposition.name,att.name,att.email,att.phone,op.name,op.email<br/>    		,op.phone,cr.name,cr.email,cr.phone)<br/>&gt;   	app.deposition.cansel_deposition(deposition.name)<br/><br/>tests\test_createdepo_manually.py:27: <br/>_ _ _ _ _ _ _ _ _ _ _ _ _ _ _ _ _ _ _ _ _ _ _ _ _ _ _ _ _ _ _ _ _ _ _ _ _ _ _ _ <br/><br/>self = &lt;pages.deposition_case.DepositionCase object at 0x000001141F396B30&gt;, depo_name = &#x27;Test_deposition2022-16-25-39&#x27;<br/><br/>    def cansel_deposition(self, depo_name):<br/>    	wd = self.app.wd<br/>    <br/>    	time.sleep(2)<br/>    	today = datetime.now()<br/>    	day = today.day<br/>    	calendar = wd.find_element(By.CSS_SELECTOR, &quot;div[data-name=&#x27;attorneyHomePageCalendar&#x27;]&quot;)<br/>    	btn_day = calendar.find_element(By.XPATH, f&quot;//button[text()=&#x27;{day}&#x27;]&quot;)<br/>    	btn_day.send_keys(Keys.RETURN)<br/>    	time.sleep(1)<br/>    <br/>    	parents = wd.find_element(By.XPATH,f&quot;//button[text()=&#x27;{day}&#x27;]/..&quot; )<br/>    	assert self.chech_status_approve(parents) == True<br/>    <br/>    	#Find depo on dahsboard<br/>    <br/>    	try:<br/>    		block = wd.find_element(By.CSS_SELECTOR, &quot;main[data-name=&#x27;statusProcessMain&#x27;]&quot;)<br/>    		WebDriverWait(block, 10).until(EC.element_to_be_clickable((By.XPATH, f&quot;//p[text()=&#x27;{depo_name}&#x27;]&quot;))).click()<br/>    	except NoSuchElementException:<br/>    		block = wd.find_element(By.CSS_SELECTOR, &quot;main[data-name=&#x27;statusProcessMain&#x27;]&quot;)<br/>    		time.sleep(1)<br/>    		block.find_element(By.CSS_SELECTOR, &quot;button[name=&#x27;loadMoreBtn&#x27;]&quot;).send_keys(Keys.RETURN)<br/>    		WebDriverWait(block, 10).until(EC.element_to_be_clickable((By.XPATH, f&quot;//p[text()=&#x27;{depo_name}&#x27;]&quot;))).click()<br/>    <br/>    	time.sleep(1)<br/>    	WebDriverWait(wd, 10).until(EC.element_to_be_clickable((By.CSS_SELECTOR, &quot;button[name=&#x27;attorneyHomeBtnCancel4&#x27;]&quot;))).click()<br/>    	time.sleep(1)<br/>    	wd.find_element(By.XPATH, &quot;//div[text()=&#x27;Yes, cancel&#x27;]&quot;).click()<br/>    	time.sleep(3)<br/>    	wd.refresh()<br/>    	time.sleep(2)<br/>    	#parents = btn_day.parent<br/>    	parents = wd.find_element(By.XPATH,f&quot;//button[text()=&#x27;{day}&#x27;]/..&quot; )<br/>    <br/>&gt;   	assert self.chech_status_approve(parents) == False<br/><span class="error">E    AssertionError</span><br/><br/>pages\deposition_case.py:616: AssertionError<br/> -----------------------------Captured stderr setup------------------------------ <br/>

====== WebDriver manager ======
Current google-chrome version is 100.0.4896
Get LATEST chromedriver version for 100.0.4896 google-chrome
Driver [C:\Users\User\.wdm\drivers\chromedriver\win32\100.0.4896.60\chromedriver.exe] found in cache
<br/> -------------------------------Captured log setup------------------------------- <br/>INFO     WDM:logger.py:26 

INFO     WDM:logger.py:26 ====== WebDriver manager ======
INFO     WDM:logger.py:26 Current google-chrome version is 100.0.4896
INFO     WDM:logger.py:26 Get LATEST chromedriver version for 100.0.4896 google-chrome
INFO     WDM:logger.py:26 Driver [C:\Users\User\.wdm\drivers\chromedriver\win32\100.0.4896.60\chromedriver.exe] found in cache<br/></div></td></tr></tbody>
      <tbody class="failed results-table-row">
        <tr>
          <td class="col-result">Failed</td>
          <td class="col-name">tests/test_createdepo_manually.py::test_deposition_create_manually_edit[Nicholas Peter Burke : testatt@inboxbear.com;+380984521236;Cliona R Plunkett;attorney0@yahoo.com;415-348-3800-William C Lynn : opcounsel@online.ua;925-408-8546;Alyson N Beck;evgen20@yahoo.com;925-408-8546-Evgen Polsunov : report@inboxbear.com;+44775254885-Test_deposition2022-16-25-39 : deponent;256662;256652]</td>
          <td class="col-duration">142.75</td>
          <td class="col-links"></td></tr>
        <tr>
          <td class="extra" colspan="4">
            <div class="log">app = &lt;pages.application.Application object at 0x000001141CAD4250&gt;, deposition = Test_deposition2022-16-25-39 : deponent;256662;256652<br/>cr = Evgen Polsunov : report@inboxbear.com;+44775254885, op = William C Lynn : opcounsel@online.ua;925-408-8546;Alyson N Beck;evgen20@yahoo.com;925-408-8546<br/>att = Nicholas Peter Burke : testatt@inboxbear.com;+380984521236;Cliona R Plunkett;attorney0@yahoo.com;415-348-3800<br/><br/>    @allure.description(&quot;Edit deposition with change date&quot;)<br/>    @pytest.mark.parametrize(&quot;deposition&quot;, deposition, ids=[repr(x) for x in deposition])<br/>    @pytest.mark.parametrize(&quot;cr&quot;, cr, ids=[repr(x) for x in cr])<br/>    @pytest.mark.parametrize(&quot;op&quot;, op, ids=[repr(x) for x in op])<br/>    @pytest.mark.parametrize(&quot;att&quot;, attorneys, ids=[repr(x) for x in attorneys])<br/>    def test_deposition_create_manually_edit(app, deposition, cr, op, att):<br/>    	app.session.login(login=&quot;testatt@inboxbear.com&quot;, password=&quot;1234Qwer&quot;)<br/>    	app.deposition.name_deposition(deposition.name)<br/>    	app.deposition.deponent_deposition(deposition.deponent)<br/>    	app.deposition.location_deposition()<br/>    	app.deposition.attorneys(deposition.sbn_op1, op.name)<br/>    	app.deposition.set_time_manually()<br/>    	app.deposition.upload_doc()<br/>    	app.deposition.delivery(cr.name)<br/>    	app.deposition.finish_depo_attorney(deposition.name,att.name,att.email,att.phone,op.name,op.email<br/>    		,op.phone,cr.name,cr.email,cr.phone)<br/>    	app.deposition.depo_dashboard_manualy(deposition.name)<br/>&gt;   	app.deposition.edit_date_in_depo()<br/><br/>tests\test_createdepo_manually.py:48: <br/>_ _ _ _ _ _ _ _ _ _ _ _ _ _ _ _ _ _ _ _ _ _ _ _ _ _ _ _ _ _ _ _ _ _ _ _ _ _ _ _ <br/>pages\deposition_case.py:544: in edit_date_in_depo<br/>    WebDriverWait(wd, 10).until(EC.element_to_be_clickable((By.CSS_SELECTOR, &quot;button[name=&#x27;attorneyHomeBtnEdit&#x27;]&quot;))).click()<br/>_ _ _ _ _ _ _ _ _ _ _ _ _ _ _ _ _ _ _ _ _ _ _ _ _ _ _ _ _ _ _ _ _ _ _ _ _ _ _ _ <br/><br/>self = &lt;selenium.webdriver.support.wait.WebDriverWait (session=&quot;a6ac6faeba66a47c617714231cf02457&quot;)&gt;<br/>method = &lt;function element_to_be_clickable.&lt;locals&gt;._predicate at 0x000001141CAC3910&gt;, message = &#x27;&#x27;<br/><br/>    def until(self, method, message=&#x27;&#x27;):<br/>        &quot;&quot;&quot;Calls the method provided with the driver as an argument until the \<br/>        return value does not evaluate to ``False``.<br/>    <br/>        :param method: callable(WebDriver)<br/>        :param message: optional message for :exc:`TimeoutException`<br/>        :returns: the result of the last call to `method`<br/>        :raises: :exc:`selenium.common.exceptions.TimeoutException` if timeout occurs<br/>        &quot;&quot;&quot;<br/>        screen = None<br/>        stacktrace = None<br/>    <br/>        end_time = time.time() + self._timeout<br/>        while True:<br/>            try:<br/>                value = method(self._driver)<br/>                if value:<br/>                    return value<br/>            except InvalidSelectorException as e:<br/>                raise e<br/>            except self._ignored_exceptions as exc:<br/>                screen = getattr(exc, &#x27;screen&#x27;, None)<br/>                stacktrace = getattr(exc, &#x27;stacktrace&#x27;, None)<br/>            time.sleep(self._poll)<br/>            if time.time() &gt; end_time:<br/>                break<br/>&gt;       raise TimeoutException(message, screen, stacktrace)<br/><span class="error">E       selenium.common.exceptions.TimeoutException: Message: </span><br/><span class="error">E       Stacktrace:</span><br/><span class="error">E       Backtrace:</span><br/><span class="error">E       	Ordinal0 [0x01467413+2389011]</span><br/><span class="error">E       	Ordinal0 [0x013F9F61+1941345]</span><br/><span class="error">E       	Ordinal0 [0x012EC658+837208]</span><br/><span class="error">E       	Ordinal0 [0x013191DD+1020381]</span><br/><span class="error">E       	Ordinal0 [0x0131949B+1021083]</span><br/><span class="error">E       	Ordinal0 [0x01346032+1204274]</span><br/><span class="error">E       	Ordinal0 [0x01334194+1130900]</span><br/><span class="error">E       	Ordinal0 [0x01344302+1196802]</span><br/><span class="error">E       	Ordinal0 [0x01333F66+1130342]</span><br/><span class="error">E       	Ordinal0 [0x0130E546+976198]</span><br/><span class="error">E       	Ordinal0 [0x0130F456+980054]</span><br/><span class="error">E       	GetHandleVerifier [0x01619632+1727522]</span><br/><span class="error">E       	GetHandleVerifier [0x016CBA4D+2457661]</span><br/><span class="error">E       	GetHandleVerifier [0x014FEB81+569713]</span><br/><span class="error">E       	GetHandleVerifier [0x014FDD76+566118]</span><br/><span class="error">E       	Ordinal0 [0x01400B2B+1968939]</span><br/><span class="error">E       	Ordinal0 [0x01405988+1989000]</span><br/><span class="error">E       	Ordinal0 [0x01405A75+1989237]</span><br/><span class="error">E       	Ordinal0 [0x0140ECB1+2026673]</span><br/><span class="error">E       	BaseThreadInitThunk [0x767B62C4+36]</span><br/><span class="error">E       	RtlSubscribeWnfStateChangeNotification [0x77320F79+1081]</span><br/><span class="error">E       	RtlSubscribeWnfStateChangeNotification [0x77320F44+1028]</span><br/><br/>venv\lib\site-packages\selenium\webdriver\support\wait.py:89: TimeoutException<br/> -----------------------------Captured stderr setup------------------------------ <br/>

====== WebDriver manager ======
Current google-chrome version is 100.0.4896
Get LATEST chromedriver version for 100.0.4896 google-chrome
Driver [C:\Users\User\.wdm\drivers\chromedriver\win32\100.0.4896.60\chromedriver.exe] found in cache
<br/> -------------------------------Captured log setup------------------------------- <br/>INFO     WDM:logger.py:26 

INFO     WDM:logger.py:26 ====== WebDriver manager ======
INFO     WDM:logger.py:26 Current google-chrome version is 100.0.4896
INFO     WDM:logger.py:26 Get LATEST chromedriver version for 100.0.4896 google-chrome
INFO     WDM:logger.py:26 Driver [C:\Users\User\.wdm\drivers\chromedriver\win32\100.0.4896.60\chromedriver.exe] found in cache<br/></div></td></tr></tbody>
      <tbody class="failed results-table-row">
        <tr>
          <td class="col-result">Failed</td>
          <td class="col-name">tests/test_createdepo_manually.py::test_cr_add_transcript[Nicholas Peter Burke : testatt@inboxbear.com;+380984521236;Cliona R Plunkett;attorney0@yahoo.com;415-348-3800-Test_deposition2022-16-25-39 : deponent;256662;256652]</td>
          <td class="col-duration">122.62</td>
          <td class="col-links"></td></tr>
        <tr>
          <td class="extra" colspan="4">
            <div class="log">app = &lt;pages.application.Application object at 0x000001141F382020&gt;<br/>att = Nicholas Peter Burke : testatt@inboxbear.com;+380984521236;Cliona R Plunkett;attorney0@yahoo.com;415-348-3800<br/>deposition = Test_deposition2022-16-25-39 : deponent;256662;256652<br/><br/>    @allure.description(&quot;Upload transcript, cr&quot;)<br/>    @pytest.mark.parametrize(&quot;deposition&quot;, deposition, ids=[repr(x) for x in deposition])<br/>    @pytest.mark.parametrize(&quot;att&quot;, attorneys, ids=[repr(x) for x in attorneys])<br/>    def test_cr_add_transcript(app, att, deposition):<br/>    	app.session.login(login=&quot;cr@givmail.com&quot;, password=&quot;Counsel10&quot;)<br/>&gt;   	app.cr_appear.past_deposition()<br/><br/>tests\test_createdepo_manually.py:89: <br/>_ _ _ _ _ _ _ _ _ _ _ _ _ _ _ _ _ _ _ _ _ _ _ _ _ _ _ _ _ _ _ _ _ _ _ _ _ _ _ _ <br/>pages\cr_appearances.py:86: in past_deposition<br/>    self.upload_transcript()<br/>pages\cr_appearances.py:112: in upload_transcript<br/>    wd.find_element(By.NAME, &quot;downloadExpertConfirmBtn&quot;).send_keys(Keys.RETURN)<br/>venv\lib\site-packages\selenium\webdriver\remote\webelement.py:540: in send_keys<br/>    self._execute(Command.SEND_KEYS_TO_ELEMENT,<br/>venv\lib\site-packages\selenium\webdriver\remote\webelement.py:710: in _execute<br/>    return self._parent.execute(command, params)<br/>venv\lib\site-packages\selenium\webdriver\remote\webdriver.py:424: in execute<br/>    self.error_handler.check_response(response)<br/>_ _ _ _ _ _ _ _ _ _ _ _ _ _ _ _ _ _ _ _ _ _ _ _ _ _ _ _ _ _ _ _ _ _ _ _ _ _ _ _ <br/><br/>self = &lt;selenium.webdriver.remote.errorhandler.ErrorHandler object at 0x000001141CAD47F0&gt;<br/>response = {&#x27;status&#x27;: 400, &#x27;value&#x27;: &#x27;{&quot;value&quot;:{&quot;error&quot;:&quot;element not interactable&quot;,&quot;message&quot;:&quot;element not interactable\\n  (Sessio...cribeWnfStateChangeNotification [0x77320F79+1081]\\n\\tRtlSubscribeWnfStateChangeNotification [0x77320F44+1028]\\n&quot;}}&#x27;}<br/><br/>    def check_response(self, response: Dict[str, Any]) -&gt; None:<br/>        &quot;&quot;&quot;<br/>        Checks that a JSON response from the WebDriver does not have an error.<br/>    <br/>        :Args:<br/>         - response - The JSON response from the WebDriver server as a dictionary<br/>           object.<br/>    <br/>        :Raises: If the response contains an error message.<br/>        &quot;&quot;&quot;<br/>        status = response.get(&#x27;status&#x27;, None)<br/>        if not status or status == ErrorCode.SUCCESS:<br/>            return<br/>        value = None<br/>        message = response.get(&quot;message&quot;, &quot;&quot;)<br/>        screen: str = response.get(&quot;screen&quot;, &quot;&quot;)<br/>        stacktrace = None<br/>        if isinstance(status, int):<br/>            value_json = response.get(&#x27;value&#x27;, None)<br/>            if value_json and isinstance(value_json, str):<br/>                import json<br/>                try:<br/>                    value = json.loads(value_json)<br/>                    if len(value.keys()) == 1:<br/>                        value = value[&#x27;value&#x27;]<br/>                    status = value.get(&#x27;error&#x27;, None)<br/>                    if not status:<br/>                        status = value.get(&quot;status&quot;, ErrorCode.UNKNOWN_ERROR)<br/>                        message = value.get(&quot;value&quot;) or value.get(&quot;message&quot;)<br/>                        if not isinstance(message, str):<br/>                            value = message<br/>                            message = message.get(&#x27;message&#x27;)<br/>                    else:<br/>                        message = value.get(&#x27;message&#x27;, None)<br/>                except ValueError:<br/>                    pass<br/>    <br/>        exception_class: Type[WebDriverException]<br/>        if status in ErrorCode.NO_SUCH_ELEMENT:<br/>            exception_class = NoSuchElementException<br/>        elif status in ErrorCode.NO_SUCH_FRAME:<br/>            exception_class = NoSuchFrameException<br/>        elif status in ErrorCode.NO_SUCH_SHADOW_ROOT:<br/>            exception_class = NoSuchShadowRootException<br/>        elif status in ErrorCode.NO_SUCH_WINDOW:<br/>            exception_class = NoSuchWindowException<br/>        elif status in ErrorCode.STALE_ELEMENT_REFERENCE:<br/>            exception_class = StaleElementReferenceException<br/>        elif status in ErrorCode.ELEMENT_NOT_VISIBLE:<br/>            exception_class = ElementNotVisibleException<br/>        elif status in ErrorCode.INVALID_ELEMENT_STATE:<br/>            exception_class = InvalidElementStateException<br/>        elif status in ErrorCode.INVALID_SELECTOR \<br/>                or status in ErrorCode.INVALID_XPATH_SELECTOR \<br/>                or status in ErrorCode.INVALID_XPATH_SELECTOR_RETURN_TYPER:<br/>            exception_class = InvalidSelectorException<br/>        elif status in ErrorCode.ELEMENT_IS_NOT_SELECTABLE:<br/>            exception_class = ElementNotSelectableException<br/>        elif status in ErrorCode.ELEMENT_NOT_INTERACTABLE:<br/>            exception_class = ElementNotInteractableException<br/>        elif status in ErrorCode.INVALID_COOKIE_DOMAIN:<br/>            exception_class = InvalidCookieDomainException<br/>        elif status in ErrorCode.UNABLE_TO_SET_COOKIE:<br/>            exception_class = UnableToSetCookieException<br/>        elif status in ErrorCode.TIMEOUT:<br/>            exception_class = TimeoutException<br/>        elif status in ErrorCode.SCRIPT_TIMEOUT:<br/>            exception_class = TimeoutException<br/>        elif status in ErrorCode.UNKNOWN_ERROR:<br/>            exception_class = WebDriverException<br/>        elif status in ErrorCode.UNEXPECTED_ALERT_OPEN:<br/>            exception_class = UnexpectedAlertPresentException<br/>        elif status in ErrorCode.NO_ALERT_OPEN:<br/>            exception_class = NoAlertPresentException<br/>        elif status in ErrorCode.IME_NOT_AVAILABLE:<br/>            exception_class = ImeNotAvailableException<br/>        elif status in ErrorCode.IME_ENGINE_ACTIVATION_FAILED:<br/>            exception_class = ImeActivationFailedException<br/>        elif status in ErrorCode.MOVE_TARGET_OUT_OF_BOUNDS:<br/>            exception_class = MoveTargetOutOfBoundsException<br/>        elif status in ErrorCode.JAVASCRIPT_ERROR:<br/>            exception_class = JavascriptException<br/>        elif status in ErrorCode.SESSION_NOT_CREATED:<br/>            exception_class = SessionNotCreatedException<br/>        elif status in ErrorCode.INVALID_ARGUMENT:<br/>            exception_class = InvalidArgumentException<br/>        elif status in ErrorCode.NO_SUCH_COOKIE:<br/>            exception_class = NoSuchCookieException<br/>        elif status in ErrorCode.UNABLE_TO_CAPTURE_SCREEN:<br/>            exception_class = ScreenshotException<br/>        elif status in ErrorCode.ELEMENT_CLICK_INTERCEPTED:<br/>            exception_class = ElementClickInterceptedException<br/>        elif status in ErrorCode.INSECURE_CERTIFICATE:<br/>            exception_class = InsecureCertificateException<br/>        elif status in ErrorCode.INVALID_COORDINATES:<br/>            exception_class = InvalidCoordinatesException<br/>        elif status in ErrorCode.INVALID_SESSION_ID:<br/>            exception_class = InvalidSessionIdException<br/>        elif status in ErrorCode.UNKNOWN_METHOD:<br/>            exception_class = UnknownMethodException<br/>        else:<br/>            exception_class = WebDriverException<br/>        if not value:<br/>            value = response[&#x27;value&#x27;]<br/>        if isinstance(value, str):<br/>            raise exception_class(value)<br/>        if message == &quot;&quot; and &#x27;message&#x27; in value:<br/>            message = value[&#x27;message&#x27;]<br/>    <br/>        screen = None  # type: ignore[assignment]<br/>        if &#x27;screen&#x27; in value:<br/>            screen = value[&#x27;screen&#x27;]<br/>    <br/>        stacktrace = None<br/>        st_value = value.get(&#x27;stackTrace&#x27;) or value.get(&#x27;stacktrace&#x27;)<br/>        if st_value:<br/>            if isinstance(st_value, str):<br/>                stacktrace = st_value.split(&#x27;\n&#x27;)<br/>            else:<br/>                stacktrace = []<br/>                try:<br/>                    for frame in st_value:<br/>                        line = self._value_or_default(frame, &#x27;lineNumber&#x27;, &#x27;&#x27;)<br/>                        file = self._value_or_default(frame, &#x27;fileName&#x27;, &#x27;&lt;anonymous&gt;&#x27;)<br/>                        if line:<br/>                            file = &quot;%s:%s&quot; % (file, line)<br/>                        meth = self._value_or_default(frame, &#x27;methodName&#x27;, &#x27;&lt;anonymous&gt;&#x27;)<br/>                        if &#x27;className&#x27; in frame:<br/>                            meth = &quot;%s.%s&quot; % (frame[&#x27;className&#x27;], meth)<br/>                        msg = &quot;    at %s (%s)&quot;<br/>                        msg = msg % (meth, file)<br/>                        stacktrace.append(msg)<br/>                except TypeError:<br/>                    pass<br/>        if exception_class == UnexpectedAlertPresentException:<br/>            alert_text = None<br/>            if &#x27;data&#x27; in value:<br/>                alert_text = value[&#x27;data&#x27;].get(&#x27;text&#x27;)<br/>            elif &#x27;alert&#x27; in value:<br/>                alert_text = value[&#x27;alert&#x27;].get(&#x27;text&#x27;)<br/>            raise exception_class(message, screen, stacktrace, alert_text)  # type: ignore[call-arg]  # mypy is not smart enough here<br/>&gt;       raise exception_class(message, screen, stacktrace)<br/><span class="error">E       selenium.common.exceptions.ElementNotInteractableException: Message: element not interactable</span><br/><span class="error">E         (Session info: chrome=100.0.4896.127)</span><br/><span class="error">E       Stacktrace:</span><br/><span class="error">E       Backtrace:</span><br/><span class="error">E       	Ordinal0 [0x01467413+2389011]</span><br/><span class="error">E       	Ordinal0 [0x013F9F61+1941345]</span><br/><span class="error">E       	Ordinal0 [0x012EC520+836896]</span><br/><span class="error">E       	Ordinal0 [0x013148E3+1001699]</span><br/><span class="error">E       	Ordinal0 [0x01313FBE+999358]</span><br/><span class="error">E       	Ordinal0 [0x0133414C+1130828]</span><br/><span class="error">E       	Ordinal0 [0x0130F974+981364]</span><br/><span class="error">E       	Ordinal0 [0x01334364+1131364]</span><br/><span class="error">E       	Ordinal0 [0x01344302+1196802]</span><br/><span class="error">E       	Ordinal0 [0x01333F66+1130342]</span><br/><span class="error">E       	Ordinal0 [0x0130E546+976198]</span><br/><span class="error">E       	Ordinal0 [0x0130F456+980054]</span><br/><span class="error">E       	GetHandleVerifier [0x01619632+1727522]</span><br/><span class="error">E       	GetHandleVerifier [0x016CBA4D+2457661]</span><br/><span class="error">E       	GetHandleVerifier [0x014FEB81+569713]</span><br/><span class="error">E       	GetHandleVerifier [0x014FDD76+566118]</span><br/><span class="error">E       	Ordinal0 [0x01400B2B+1968939]</span><br/><span class="error">E       	Ordinal0 [0x01405988+1989000]</span><br/><span class="error">E       	Ordinal0 [0x01405A75+1989237]</span><br/><span class="error">E       	Ordinal0 [0x0140ECB1+2026673]</span><br/><span class="error">E       	BaseThreadInitThunk [0x767B62C4+36]</span><br/><span class="error">E       	RtlSubscribeWnfStateChangeNotification [0x77320F79+1081]</span><br/><span class="error">E       	RtlSubscribeWnfStateChangeNotification [0x77320F44+1028]</span><br/><br/>venv\lib\site-packages\selenium\webdriver\remote\errorhandler.py:247: ElementNotInteractableException<br/> -----------------------------Captured stderr setup------------------------------ <br/>

====== WebDriver manager ======
Current google-chrome version is 100.0.4896
Get LATEST chromedriver version for 100.0.4896 google-chrome
Driver [C:\Users\User\.wdm\drivers\chromedriver\win32\100.0.4896.60\chromedriver.exe] found in cache
<br/> -------------------------------Captured log setup------------------------------- <br/>INFO     WDM:logger.py:26 

INFO     WDM:logger.py:26 ====== WebDriver manager ======
INFO     WDM:logger.py:26 Current google-chrome version is 100.0.4896
INFO     WDM:logger.py:26 Get LATEST chromedriver version for 100.0.4896 google-chrome
INFO     WDM:logger.py:26 Driver [C:\Users\User\.wdm\drivers\chromedriver\win32\100.0.4896.60\chromedriver.exe] found in cache<br/></div></td></tr></tbody>
      <tbody class="failed results-table-row">
        <tr>
          <td class="col-result">Failed</td>
          <td class="col-name">tests/test_secondary_attorney.py::test_add_photo_attorney</td>
          <td class="col-duration">12.00</td>
          <td class="col-links"></td></tr>
        <tr>
          <td class="extra" colspan="4">
            <div class="log">app = &lt;pages.application.Application object at 0x000001141F4E45E0&gt;<br/><br/>    @allure.description(&quot;Change a photo in the attorney account&quot; )<br/>    def test_add_photo_attorney(app):<br/>    	app.session.login(login=&quot;testatt@inboxbear.com&quot;, password=&quot;1234Qwer&quot;)<br/>&gt;   	app.add_photo.add_photo()<br/><br/>tests\test_secondary_attorney.py:15: <br/>_ _ _ _ _ _ _ _ _ _ _ _ _ _ _ _ _ _ _ _ _ _ _ _ _ _ _ _ _ _ _ _ _ _ _ _ _ _ _ _ <br/>pages\add_photo.py:22: in add_photo<br/>    wd.find_element(By.NAME, &quot;uploadPhotoRef&quot;).send_keys(image)<br/>venv\lib\site-packages\selenium\webdriver\remote\webelement.py:540: in send_keys<br/>    self._execute(Command.SEND_KEYS_TO_ELEMENT,<br/>venv\lib\site-packages\selenium\webdriver\remote\webelement.py:710: in _execute<br/>    return self._parent.execute(command, params)<br/>venv\lib\site-packages\selenium\webdriver\remote\webdriver.py:424: in execute<br/>    self.error_handler.check_response(response)<br/>_ _ _ _ _ _ _ _ _ _ _ _ _ _ _ _ _ _ _ _ _ _ _ _ _ _ _ _ _ _ _ _ _ _ _ _ _ _ _ _ <br/><br/>self = &lt;selenium.webdriver.remote.errorhandler.ErrorHandler object at 0x000001141F4E6260&gt;<br/>response = {&#x27;status&#x27;: 400, &#x27;value&#x27;: &#x27;{&quot;value&quot;:{&quot;error&quot;:&quot;invalid argument&quot;,&quot;message&quot;:&quot;invalid argument: File not found : C:\\\\var...cribeWnfStateChangeNotification [0x77320F79+1081]\\n\\tRtlSubscribeWnfStateChangeNotification [0x77320F44+1028]\\n&quot;}}&#x27;}<br/><br/>    def check_response(self, response: Dict[str, Any]) -&gt; None:<br/>        &quot;&quot;&quot;<br/>        Checks that a JSON response from the WebDriver does not have an error.<br/>    <br/>        :Args:<br/>         - response - The JSON response from the WebDriver server as a dictionary<br/>           object.<br/>    <br/>        :Raises: If the response contains an error message.<br/>        &quot;&quot;&quot;<br/>        status = response.get(&#x27;status&#x27;, None)<br/>        if not status or status == ErrorCode.SUCCESS:<br/>            return<br/>        value = None<br/>        message = response.get(&quot;message&quot;, &quot;&quot;)<br/>        screen: str = response.get(&quot;screen&quot;, &quot;&quot;)<br/>        stacktrace = None<br/>        if isinstance(status, int):<br/>            value_json = response.get(&#x27;value&#x27;, None)<br/>            if value_json and isinstance(value_json, str):<br/>                import json<br/>                try:<br/>                    value = json.loads(value_json)<br/>                    if len(value.keys()) == 1:<br/>                        value = value[&#x27;value&#x27;]<br/>                    status = value.get(&#x27;error&#x27;, None)<br/>                    if not status:<br/>                        status = value.get(&quot;status&quot;, ErrorCode.UNKNOWN_ERROR)<br/>                        message = value.get(&quot;value&quot;) or value.get(&quot;message&quot;)<br/>                        if not isinstance(message, str):<br/>                            value = message<br/>                            message = message.get(&#x27;message&#x27;)<br/>                    else:<br/>                        message = value.get(&#x27;message&#x27;, None)<br/>                except ValueError:<br/>                    pass<br/>    <br/>        exception_class: Type[WebDriverException]<br/>        if status in ErrorCode.NO_SUCH_ELEMENT:<br/>            exception_class = NoSuchElementException<br/>        elif status in ErrorCode.NO_SUCH_FRAME:<br/>            exception_class = NoSuchFrameException<br/>        elif status in ErrorCode.NO_SUCH_SHADOW_ROOT:<br/>            exception_class = NoSuchShadowRootException<br/>        elif status in ErrorCode.NO_SUCH_WINDOW:<br/>            exception_class = NoSuchWindowException<br/>        elif status in ErrorCode.STALE_ELEMENT_REFERENCE:<br/>            exception_class = StaleElementReferenceException<br/>        elif status in ErrorCode.ELEMENT_NOT_VISIBLE:<br/>            exception_class = ElementNotVisibleException<br/>        elif status in ErrorCode.INVALID_ELEMENT_STATE:<br/>            exception_class = InvalidElementStateException<br/>        elif status in ErrorCode.INVALID_SELECTOR \<br/>                or status in ErrorCode.INVALID_XPATH_SELECTOR \<br/>                or status in ErrorCode.INVALID_XPATH_SELECTOR_RETURN_TYPER:<br/>            exception_class = InvalidSelectorException<br/>        elif status in ErrorCode.ELEMENT_IS_NOT_SELECTABLE:<br/>            exception_class = ElementNotSelectableException<br/>        elif status in ErrorCode.ELEMENT_NOT_INTERACTABLE:<br/>            exception_class = ElementNotInteractableException<br/>        elif status in ErrorCode.INVALID_COOKIE_DOMAIN:<br/>            exception_class = InvalidCookieDomainException<br/>        elif status in ErrorCode.UNABLE_TO_SET_COOKIE:<br/>            exception_class = UnableToSetCookieException<br/>        elif status in ErrorCode.TIMEOUT:<br/>            exception_class = TimeoutException<br/>        elif status in ErrorCode.SCRIPT_TIMEOUT:<br/>            exception_class = TimeoutException<br/>        elif status in ErrorCode.UNKNOWN_ERROR:<br/>            exception_class = WebDriverException<br/>        elif status in ErrorCode.UNEXPECTED_ALERT_OPEN:<br/>            exception_class = UnexpectedAlertPresentException<br/>        elif status in ErrorCode.NO_ALERT_OPEN:<br/>            exception_class = NoAlertPresentException<br/>        elif status in ErrorCode.IME_NOT_AVAILABLE:<br/>            exception_class = ImeNotAvailableException<br/>        elif status in ErrorCode.IME_ENGINE_ACTIVATION_FAILED:<br/>            exception_class = ImeActivationFailedException<br/>        elif status in ErrorCode.MOVE_TARGET_OUT_OF_BOUNDS:<br/>            exception_class = MoveTargetOutOfBoundsException<br/>        elif status in ErrorCode.JAVASCRIPT_ERROR:<br/>            exception_class = JavascriptException<br/>        elif status in ErrorCode.SESSION_NOT_CREATED:<br/>            exception_class = SessionNotCreatedException<br/>        elif status in ErrorCode.INVALID_ARGUMENT:<br/>            exception_class = InvalidArgumentException<br/>        elif status in ErrorCode.NO_SUCH_COOKIE:<br/>            exception_class = NoSuchCookieException<br/>        elif status in ErrorCode.UNABLE_TO_CAPTURE_SCREEN:<br/>            exception_class = ScreenshotException<br/>        elif status in ErrorCode.ELEMENT_CLICK_INTERCEPTED:<br/>            exception_class = ElementClickInterceptedException<br/>        elif status in ErrorCode.INSECURE_CERTIFICATE:<br/>            exception_class = InsecureCertificateException<br/>        elif status in ErrorCode.INVALID_COORDINATES:<br/>            exception_class = InvalidCoordinatesException<br/>        elif status in ErrorCode.INVALID_SESSION_ID:<br/>            exception_class = InvalidSessionIdException<br/>        elif status in ErrorCode.UNKNOWN_METHOD:<br/>            exception_class = UnknownMethodException<br/>        else:<br/>            exception_class = WebDriverException<br/>        if not value:<br/>            value = response[&#x27;value&#x27;]<br/>        if isinstance(value, str):<br/>            raise exception_class(value)<br/>        if message == &quot;&quot; and &#x27;message&#x27; in value:<br/>            message = value[&#x27;message&#x27;]<br/>    <br/>        screen = None  # type: ignore[assignment]<br/>        if &#x27;screen&#x27; in value:<br/>            screen = value[&#x27;screen&#x27;]<br/>    <br/>        stacktrace = None<br/>        st_value = value.get(&#x27;stackTrace&#x27;) or value.get(&#x27;stacktrace&#x27;)<br/>        if st_value:<br/>            if isinstance(st_value, str):<br/>                stacktrace = st_value.split(&#x27;\n&#x27;)<br/>            else:<br/>                stacktrace = []<br/>                try:<br/>                    for frame in st_value:<br/>                        line = self._value_or_default(frame, &#x27;lineNumber&#x27;, &#x27;&#x27;)<br/>                        file = self._value_or_default(frame, &#x27;fileName&#x27;, &#x27;&lt;anonymous&gt;&#x27;)<br/>                        if line:<br/>                            file = &quot;%s:%s&quot; % (file, line)<br/>                        meth = self._value_or_default(frame, &#x27;methodName&#x27;, &#x27;&lt;anonymous&gt;&#x27;)<br/>                        if &#x27;className&#x27; in frame:<br/>                            meth = &quot;%s.%s&quot; % (frame[&#x27;className&#x27;], meth)<br/>                        msg = &quot;    at %s (%s)&quot;<br/>                        msg = msg % (meth, file)<br/>                        stacktrace.append(msg)<br/>                except TypeError:<br/>                    pass<br/>        if exception_class == UnexpectedAlertPresentException:<br/>            alert_text = None<br/>            if &#x27;data&#x27; in value:<br/>                alert_text = value[&#x27;data&#x27;].get(&#x27;text&#x27;)<br/>            elif &#x27;alert&#x27; in value:<br/>                alert_text = value[&#x27;alert&#x27;].get(&#x27;text&#x27;)<br/>            raise exception_class(message, screen, stacktrace, alert_text)  # type: ignore[call-arg]  # mypy is not smart enough here<br/>&gt;       raise exception_class(message, screen, stacktrace)<br/><span class="error">E       selenium.common.exceptions.InvalidArgumentException: Message: invalid argument: File not found : C:\var\lib\jenkins\workspace\Test_sotka\data\images\logo.jpg</span><br/><span class="error">E         (Session info: chrome=100.0.4896.127)</span><br/><span class="error">E       Stacktrace:</span><br/><span class="error">E       Backtrace:</span><br/><span class="error">E       	Ordinal0 [0x01467413+2389011]</span><br/><span class="error">E       	Ordinal0 [0x013F9F61+1941345]</span><br/><span class="error">E       	Ordinal0 [0x012EC658+837208]</span><br/><span class="error">E       	Ordinal0 [0x01312DEA+994794]</span><br/><span class="error">E       	Ordinal0 [0x0133414C+1130828]</span><br/><span class="error">E       	Ordinal0 [0x0130F974+981364]</span><br/><span class="error">E       	Ordinal0 [0x01334364+1131364]</span><br/><span class="error">E       	Ordinal0 [0x01344302+1196802]</span><br/><span class="error">E       	Ordinal0 [0x01333F66+1130342]</span><br/><span class="error">E       	Ordinal0 [0x0130E546+976198]</span><br/><span class="error">E       	Ordinal0 [0x0130F456+980054]</span><br/><span class="error">E       	GetHandleVerifier [0x01619632+1727522]</span><br/><span class="error">E       	GetHandleVerifier [0x016CBA4D+2457661]</span><br/><span class="error">E       	GetHandleVerifier [0x014FEB81+569713]</span><br/><span class="error">E       	GetHandleVerifier [0x014FDD76+566118]</span><br/><span class="error">E       	Ordinal0 [0x01400B2B+1968939]</span><br/><span class="error">E       	Ordinal0 [0x01405988+1989000]</span><br/><span class="error">E       	Ordinal0 [0x01405A75+1989237]</span><br/><span class="error">E       	Ordinal0 [0x0140ECB1+2026673]</span><br/><span class="error">E       	BaseThreadInitThunk [0x767B62C4+36]</span><br/><span class="error">E       	RtlSubscribeWnfStateChangeNotification [0x77320F79+1081]</span><br/><span class="error">E       	RtlSubscribeWnfStateChangeNotification [0x77320F44+1028]</span><br/><br/>venv\lib\site-packages\selenium\webdriver\remote\errorhandler.py:247: InvalidArgumentException<br/> -----------------------------Captured stderr setup------------------------------ <br/>

====== WebDriver manager ======
Current google-chrome version is 100.0.4896
Get LATEST chromedriver version for 100.0.4896 google-chrome
Driver [C:\Users\User\.wdm\drivers\chromedriver\win32\100.0.4896.60\chromedriver.exe] found in cache
<br/> -------------------------------Captured log setup------------------------------- <br/>INFO     WDM:logger.py:26 

INFO     WDM:logger.py:26 ====== WebDriver manager ======
INFO     WDM:logger.py:26 Current google-chrome version is 100.0.4896
INFO     WDM:logger.py:26 Get LATEST chromedriver version for 100.0.4896 google-chrome
INFO     WDM:logger.py:26 Driver [C:\Users\User\.wdm\drivers\chromedriver\win32\100.0.4896.60\chromedriver.exe] found in cache<br/></div></td></tr></tbody>
      <tbody class="failed results-table-row">
        <tr>
          <td class="col-result">Failed</td>
          <td class="col-name">tests/test_secondary_cr.py::test_add_photo_cr</td>
          <td class="col-duration">33.19</td>
          <td class="col-links"></td></tr>
        <tr>
          <td class="extra" colspan="4">
            <div class="log">app = &lt;pages.application.Application object at 0x000001141EB27040&gt;<br/><br/>    @allure.description(&quot;Add new photo cr&quot;)<br/>    def test_add_photo_cr(app):<br/>    	app.session.login(login=&quot;report@inboxbear.com&quot;, password=&quot;1234Qwer&quot;)<br/>&gt;   	app.add_photo.add_photo()<br/><br/>tests\test_secondary_cr.py:9: <br/>_ _ _ _ _ _ _ _ _ _ _ _ _ _ _ _ _ _ _ _ _ _ _ _ _ _ _ _ _ _ _ _ _ _ _ _ _ _ _ _ <br/>pages\add_photo.py:22: in add_photo<br/>    wd.find_element(By.NAME, &quot;uploadPhotoRef&quot;).send_keys(image)<br/>venv\lib\site-packages\selenium\webdriver\remote\webelement.py:540: in send_keys<br/>    self._execute(Command.SEND_KEYS_TO_ELEMENT,<br/>venv\lib\site-packages\selenium\webdriver\remote\webelement.py:710: in _execute<br/>    return self._parent.execute(command, params)<br/>venv\lib\site-packages\selenium\webdriver\remote\webdriver.py:424: in execute<br/>    self.error_handler.check_response(response)<br/>_ _ _ _ _ _ _ _ _ _ _ _ _ _ _ _ _ _ _ _ _ _ _ _ _ _ _ _ _ _ _ _ _ _ _ _ _ _ _ _ <br/><br/>self = &lt;selenium.webdriver.remote.errorhandler.ErrorHandler object at 0x000001141F4D55D0&gt;<br/>response = {&#x27;status&#x27;: 400, &#x27;value&#x27;: &#x27;{&quot;value&quot;:{&quot;error&quot;:&quot;invalid argument&quot;,&quot;message&quot;:&quot;invalid argument: File not found : C:\\\\var...cribeWnfStateChangeNotification [0x77320F79+1081]\\n\\tRtlSubscribeWnfStateChangeNotification [0x77320F44+1028]\\n&quot;}}&#x27;}<br/><br/>    def check_response(self, response: Dict[str, Any]) -&gt; None:<br/>        &quot;&quot;&quot;<br/>        Checks that a JSON response from the WebDriver does not have an error.<br/>    <br/>        :Args:<br/>         - response - The JSON response from the WebDriver server as a dictionary<br/>           object.<br/>    <br/>        :Raises: If the response contains an error message.<br/>        &quot;&quot;&quot;<br/>        status = response.get(&#x27;status&#x27;, None)<br/>        if not status or status == ErrorCode.SUCCESS:<br/>            return<br/>        value = None<br/>        message = response.get(&quot;message&quot;, &quot;&quot;)<br/>        screen: str = response.get(&quot;screen&quot;, &quot;&quot;)<br/>        stacktrace = None<br/>        if isinstance(status, int):<br/>            value_json = response.get(&#x27;value&#x27;, None)<br/>            if value_json and isinstance(value_json, str):<br/>                import json<br/>                try:<br/>                    value = json.loads(value_json)<br/>                    if len(value.keys()) == 1:<br/>                        value = value[&#x27;value&#x27;]<br/>                    status = value.get(&#x27;error&#x27;, None)<br/>                    if not status:<br/>                        status = value.get(&quot;status&quot;, ErrorCode.UNKNOWN_ERROR)<br/>                        message = value.get(&quot;value&quot;) or value.get(&quot;message&quot;)<br/>                        if not isinstance(message, str):<br/>                            value = message<br/>                            message = message.get(&#x27;message&#x27;)<br/>                    else:<br/>                        message = value.get(&#x27;message&#x27;, None)<br/>                except ValueError:<br/>                    pass<br/>    <br/>        exception_class: Type[WebDriverException]<br/>        if status in ErrorCode.NO_SUCH_ELEMENT:<br/>            exception_class = NoSuchElementException<br/>        elif status in ErrorCode.NO_SUCH_FRAME:<br/>            exception_class = NoSuchFrameException<br/>        elif status in ErrorCode.NO_SUCH_SHADOW_ROOT:<br/>            exception_class = NoSuchShadowRootException<br/>        elif status in ErrorCode.NO_SUCH_WINDOW:<br/>            exception_class = NoSuchWindowException<br/>        elif status in ErrorCode.STALE_ELEMENT_REFERENCE:<br/>            exception_class = StaleElementReferenceException<br/>        elif status in ErrorCode.ELEMENT_NOT_VISIBLE:<br/>            exception_class = ElementNotVisibleException<br/>        elif status in ErrorCode.INVALID_ELEMENT_STATE:<br/>            exception_class = InvalidElementStateException<br/>        elif status in ErrorCode.INVALID_SELECTOR \<br/>                or status in ErrorCode.INVALID_XPATH_SELECTOR \<br/>                or status in ErrorCode.INVALID_XPATH_SELECTOR_RETURN_TYPER:<br/>            exception_class = InvalidSelectorException<br/>        elif status in ErrorCode.ELEMENT_IS_NOT_SELECTABLE:<br/>            exception_class = ElementNotSelectableException<br/>        elif status in ErrorCode.ELEMENT_NOT_INTERACTABLE:<br/>            exception_class = ElementNotInteractableException<br/>        elif status in ErrorCode.INVALID_COOKIE_DOMAIN:<br/>            exception_class = InvalidCookieDomainException<br/>        elif status in ErrorCode.UNABLE_TO_SET_COOKIE:<br/>            exception_class = UnableToSetCookieException<br/>        elif status in ErrorCode.TIMEOUT:<br/>            exception_class = TimeoutException<br/>        elif status in ErrorCode.SCRIPT_TIMEOUT:<br/>            exception_class = TimeoutException<br/>        elif status in ErrorCode.UNKNOWN_ERROR:<br/>            exception_class = WebDriverException<br/>        elif status in ErrorCode.UNEXPECTED_ALERT_OPEN:<br/>            exception_class = UnexpectedAlertPresentException<br/>        elif status in ErrorCode.NO_ALERT_OPEN:<br/>            exception_class = NoAlertPresentException<br/>        elif status in ErrorCode.IME_NOT_AVAILABLE:<br/>            exception_class = ImeNotAvailableException<br/>        elif status in ErrorCode.IME_ENGINE_ACTIVATION_FAILED:<br/>            exception_class = ImeActivationFailedException<br/>        elif status in ErrorCode.MOVE_TARGET_OUT_OF_BOUNDS:<br/>            exception_class = MoveTargetOutOfBoundsException<br/>        elif status in ErrorCode.JAVASCRIPT_ERROR:<br/>            exception_class = JavascriptException<br/>        elif status in ErrorCode.SESSION_NOT_CREATED:<br/>            exception_class = SessionNotCreatedException<br/>        elif status in ErrorCode.INVALID_ARGUMENT:<br/>            exception_class = InvalidArgumentException<br/>        elif status in ErrorCode.NO_SUCH_COOKIE:<br/>            exception_class = NoSuchCookieException<br/>        elif status in ErrorCode.UNABLE_TO_CAPTURE_SCREEN:<br/>            exception_class = ScreenshotException<br/>        elif status in ErrorCode.ELEMENT_CLICK_INTERCEPTED:<br/>            exception_class = ElementClickInterceptedException<br/>        elif status in ErrorCode.INSECURE_CERTIFICATE:<br/>            exception_class = InsecureCertificateException<br/>        elif status in ErrorCode.INVALID_COORDINATES:<br/>            exception_class = InvalidCoordinatesException<br/>        elif status in ErrorCode.INVALID_SESSION_ID:<br/>            exception_class = InvalidSessionIdException<br/>        elif status in ErrorCode.UNKNOWN_METHOD:<br/>            exception_class = UnknownMethodException<br/>        else:<br/>            exception_class = WebDriverException<br/>        if not value:<br/>            value = response[&#x27;value&#x27;]<br/>        if isinstance(value, str):<br/>            raise exception_class(value)<br/>        if message == &quot;&quot; and &#x27;message&#x27; in value:<br/>            message = value[&#x27;message&#x27;]<br/>    <br/>        screen = None  # type: ignore[assignment]<br/>        if &#x27;screen&#x27; in value:<br/>            screen = value[&#x27;screen&#x27;]<br/>    <br/>        stacktrace = None<br/>        st_value = value.get(&#x27;stackTrace&#x27;) or value.get(&#x27;stacktrace&#x27;)<br/>        if st_value:<br/>            if isinstance(st_value, str):<br/>                stacktrace = st_value.split(&#x27;\n&#x27;)<br/>            else:<br/>                stacktrace = []<br/>                try:<br/>                    for frame in st_value:<br/>                        line = self._value_or_default(frame, &#x27;lineNumber&#x27;, &#x27;&#x27;)<br/>                        file = self._value_or_default(frame, &#x27;fileName&#x27;, &#x27;&lt;anonymous&gt;&#x27;)<br/>                        if line:<br/>                            file = &quot;%s:%s&quot; % (file, line)<br/>                        meth = self._value_or_default(frame, &#x27;methodName&#x27;, &#x27;&lt;anonymous&gt;&#x27;)<br/>                        if &#x27;className&#x27; in frame:<br/>                            meth = &quot;%s.%s&quot; % (frame[&#x27;className&#x27;], meth)<br/>                        msg = &quot;    at %s (%s)&quot;<br/>                        msg = msg % (meth, file)<br/>                        stacktrace.append(msg)<br/>                except TypeError:<br/>                    pass<br/>        if exception_class == UnexpectedAlertPresentException:<br/>            alert_text = None<br/>            if &#x27;data&#x27; in value:<br/>                alert_text = value[&#x27;data&#x27;].get(&#x27;text&#x27;)<br/>            elif &#x27;alert&#x27; in value:<br/>                alert_text = value[&#x27;alert&#x27;].get(&#x27;text&#x27;)<br/>            raise exception_class(message, screen, stacktrace, alert_text)  # type: ignore[call-arg]  # mypy is not smart enough here<br/>&gt;       raise exception_class(message, screen, stacktrace)<br/><span class="error">E       selenium.common.exceptions.InvalidArgumentException: Message: invalid argument: File not found : C:\var\lib\jenkins\workspace\Test_sotka\data\images\logo.jpg</span><br/><span class="error">E         (Session info: chrome=100.0.4896.127)</span><br/><span class="error">E       Stacktrace:</span><br/><span class="error">E       Backtrace:</span><br/><span class="error">E       	Ordinal0 [0x01467413+2389011]</span><br/><span class="error">E       	Ordinal0 [0x013F9F61+1941345]</span><br/><span class="error">E       	Ordinal0 [0x012EC658+837208]</span><br/><span class="error">E       	Ordinal0 [0x01312DEA+994794]</span><br/><span class="error">E       	Ordinal0 [0x0133414C+1130828]</span><br/><span class="error">E       	Ordinal0 [0x0130F974+981364]</span><br/><span class="error">E       	Ordinal0 [0x01334364+1131364]</span><br/><span class="error">E       	Ordinal0 [0x01344302+1196802]</span><br/><span class="error">E       	Ordinal0 [0x01333F66+1130342]</span><br/><span class="error">E       	Ordinal0 [0x0130E546+976198]</span><br/><span class="error">E       	Ordinal0 [0x0130F456+980054]</span><br/><span class="error">E       	GetHandleVerifier [0x01619632+1727522]</span><br/><span class="error">E       	GetHandleVerifier [0x016CBA4D+2457661]</span><br/><span class="error">E       	GetHandleVerifier [0x014FEB81+569713]</span><br/><span class="error">E       	GetHandleVerifier [0x014FDD76+566118]</span><br/><span class="error">E       	Ordinal0 [0x01400B2B+1968939]</span><br/><span class="error">E       	Ordinal0 [0x01405988+1989000]</span><br/><span class="error">E       	Ordinal0 [0x01405A75+1989237]</span><br/><span class="error">E       	Ordinal0 [0x0140ECB1+2026673]</span><br/><span class="error">E       	BaseThreadInitThunk [0x767B62C4+36]</span><br/><span class="error">E       	RtlSubscribeWnfStateChangeNotification [0x77320F79+1081]</span><br/><span class="error">E       	RtlSubscribeWnfStateChangeNotification [0x77320F44+1028]</span><br/><br/>venv\lib\site-packages\selenium\webdriver\remote\errorhandler.py:247: InvalidArgumentException<br/> -----------------------------Captured stderr setup------------------------------ <br/>

====== WebDriver manager ======
Current google-chrome version is 100.0.4896
Get LATEST chromedriver version for 100.0.4896 google-chrome
Driver [C:\Users\User\.wdm\drivers\chromedriver\win32\100.0.4896.60\chromedriver.exe] found in cache
<br/> -------------------------------Captured log setup------------------------------- <br/>INFO     WDM:logger.py:26 

INFO     WDM:logger.py:26 ====== WebDriver manager ======
INFO     WDM:logger.py:26 Current google-chrome version is 100.0.4896
INFO     WDM:logger.py:26 Get LATEST chromedriver version for 100.0.4896 google-chrome
INFO     WDM:logger.py:26 Driver [C:\Users\User\.wdm\drivers\chromedriver\win32\100.0.4896.60\chromedriver.exe] found in cache<br/></div></td></tr></tbody>
      <tbody class="skipped results-table-row">
        <tr>
          <td class="col-result">Skipped</td>
          <td class="col-name">tests/test_registration.py::test_registr_attorney[256669 : opcounse1@online.ua;None;1234Qwer;123;12;925-408-8546;address12345]</td>
          <td class="col-duration">0.00</td>
          <td class="col-links"></td></tr>
        <tr>
          <td class="extra" colspan="4">
            <div class="log">(&#x27;C:\\Python_project\\Sotka_auto\\tests\\test_registration.py&#x27;, 8, &#x27;Skipped: For test should change input date every time&#x27;)<br/></div></td></tr></tbody>
      <tbody class="skipped results-table-row">
        <tr>
          <td class="col-result">Skipped</td>
          <td class="col-name">tests/test_registration.py::test_reg_cr[&lt;model.model_registr_cr.ModelRegistrCR object at 0x000001141F1DFD90&gt;]</td>
          <td class="col-duration">0.00</td>
          <td class="col-links"></td></tr>
        <tr>
          <td class="extra" colspan="4">
            <div class="log">(&#x27;C:\\Python_project\\Sotka_auto\\tests\\test_registration.py&#x27;, 22, &#x27;Skipped: For test should change input date every time&#x27;)<br/></div></td></tr></tbody>
      <tbody class="skipped results-table-row">
        <tr>
          <td class="col-result">Skipped</td>
          <td class="col-name">tests/test_secondary_cr.py::test_schedual_cr</td>
          <td class="col-duration">0.00</td>
          <td class="col-links"></td></tr>
        <tr>
          <td class="extra" colspan="4">
            <div class="log">(&#x27;C:\\Python_project\\Sotka_auto\\tests\\test_secondary_cr.py&#x27;, 33, &quot;Skipped: Test don&#x27;t work, block front-end&quot;)<br/></div></td></tr></tbody>
      <tbody class="passed results-table-row">
        <tr>
          <td class="col-result">Passed</td>
          <td class="col-name">tests/test_avoting_process.py::test_deposition_create_decline_appearence[Nicholas Peter Burke : testatt@inboxbear.com;+380984521236;Cliona R Plunkett;attorney0@yahoo.com;415-348-3800-William C Lynn : opcounsel@online.ua;925-408-8546;Alyson N Beck;evgen20@yahoo.com;925-408-8546-Peter Popov : cr@givmail.com;+44755254211-Test_deposition2022-16-25-39 : deponent;256662;256652]</td>
          <td class="col-duration">58.47</td>
          <td class="col-links"></td></tr>
        <tr>
          <td class="extra" colspan="4">
            <div class="log"> -----------------------------Captured stderr setup------------------------------ <br/>

====== WebDriver manager ======
Current google-chrome version is 100.0.4896
Get LATEST chromedriver version for 100.0.4896 google-chrome
Driver [C:\Users\User\.wdm\drivers\chromedriver\win32\100.0.4896.60\chromedriver.exe] found in cache
<br/> -------------------------------Captured log setup------------------------------- <br/>INFO     WDM:logger.py:26 

INFO     WDM:logger.py:26 ====== WebDriver manager ======
INFO     WDM:logger.py:26 Current google-chrome version is 100.0.4896
INFO     WDM:logger.py:26 Get LATEST chromedriver version for 100.0.4896 google-chrome
INFO     WDM:logger.py:26 Driver [C:\Users\User\.wdm\drivers\chromedriver\win32\100.0.4896.60\chromedriver.exe] found in cache<br/></div></td></tr></tbody>
      <tbody class="passed results-table-row">
        <tr>
          <td class="col-result">Passed</td>
          <td class="col-name">tests/test_avoting_process.py::test_deposition_create[William C Lynn : opcounsel@online.ua;925-408-8546;Alyson N Beck;evgen20@yahoo.com;925-408-8546-Test_deposition2022-16-25-39 : deponent;256662;256652]</td>
          <td class="col-duration">48.73</td>
          <td class="col-links"></td></tr>
        <tr>
          <td class="extra" colspan="4">
            <div class="log"> -----------------------------Captured stderr setup------------------------------ <br/>

====== WebDriver manager ======
Current google-chrome version is 100.0.4896
Get LATEST chromedriver version for 100.0.4896 google-chrome
Driver [C:\Users\User\.wdm\drivers\chromedriver\win32\100.0.4896.60\chromedriver.exe] found in cache
<br/> -------------------------------Captured log setup------------------------------- <br/>INFO     WDM:logger.py:26 

INFO     WDM:logger.py:26 ====== WebDriver manager ======
INFO     WDM:logger.py:26 Current google-chrome version is 100.0.4896
INFO     WDM:logger.py:26 Get LATEST chromedriver version for 100.0.4896 google-chrome
INFO     WDM:logger.py:26 Driver [C:\Users\User\.wdm\drivers\chromedriver\win32\100.0.4896.60\chromedriver.exe] found in cache<br/></div></td></tr></tbody>
      <tbody class="passed results-table-row">
        <tr>
          <td class="col-result">Passed</td>
          <td class="col-name">tests/test_avoting_process.py::test_email_voting_as_op</td>
          <td class="col-duration">20.64</td>
          <td class="col-links"></td></tr>
        <tr>
          <td class="extra" colspan="4">
            <div class="log"> -----------------------------Captured stderr setup------------------------------ <br/>

====== WebDriver manager ======
Current google-chrome version is 100.0.4896
Get LATEST chromedriver version for 100.0.4896 google-chrome
Driver [C:\Users\User\.wdm\drivers\chromedriver\win32\100.0.4896.60\chromedriver.exe] found in cache
<br/> -------------------------------Captured log setup------------------------------- <br/>INFO     WDM:logger.py:26 

INFO     WDM:logger.py:26 ====== WebDriver manager ======
INFO     WDM:logger.py:26 Current google-chrome version is 100.0.4896
INFO     WDM:logger.py:26 Get LATEST chromedriver version for 100.0.4896 google-chrome
INFO     WDM:logger.py:26 Driver [C:\Users\User\.wdm\drivers\chromedriver\win32\100.0.4896.60\chromedriver.exe] found in cache<br/> ------------------------------Captured stdout call------------------------------ <br/>https://trialbase.com/progressCase/493/ed1f0c1c-f241-4375-8a66-2e19792a44b8
<br/></div></td></tr></tbody>
      <tbody class="passed results-table-row">
        <tr>
          <td class="col-result">Passed</td>
          <td class="col-name">tests/test_avoting_process.py::test_email_voting_as_attorney[Peter Popov : cr@givmail.com;+44755254211-Nicholas Peter Burke : testatt@inboxbear.com;+380984521236;Cliona R Plunkett;attorney0@yahoo.com;415-348-3800-William C Lynn : opcounsel@online.ua;925-408-8546;Alyson N Beck;evgen20@yahoo.com;925-408-8546]</td>
          <td class="col-duration">33.33</td>
          <td class="col-links"></td></tr>
        <tr>
          <td class="extra" colspan="4">
            <div class="log"> -----------------------------Captured stderr setup------------------------------ <br/>

====== WebDriver manager ======
Current google-chrome version is 100.0.4896
Get LATEST chromedriver version for 100.0.4896 google-chrome
Driver [C:\Users\User\.wdm\drivers\chromedriver\win32\100.0.4896.60\chromedriver.exe] found in cache
<br/> -------------------------------Captured log setup------------------------------- <br/>INFO     WDM:logger.py:26 

INFO     WDM:logger.py:26 ====== WebDriver manager ======
INFO     WDM:logger.py:26 Current google-chrome version is 100.0.4896
INFO     WDM:logger.py:26 Get LATEST chromedriver version for 100.0.4896 google-chrome
INFO     WDM:logger.py:26 Driver [C:\Users\User\.wdm\drivers\chromedriver\win32\100.0.4896.60\chromedriver.exe] found in cache<br/> ------------------------------Captured stdout call------------------------------ <br/>https://trialbase.com/progressCase/493?tab=6
<br/></div></td></tr></tbody>
      <tbody class="passed results-table-row">
        <tr>
          <td class="col-result">Passed</td>
          <td class="col-name">tests/test_createdepo_manually.py::test_deposition_create_manually[Nicholas Peter Burke : testatt@inboxbear.com;+380984521236;Cliona R Plunkett;attorney0@yahoo.com;415-348-3800-William C Lynn : opcounsel@online.ua;925-408-8546;Alyson N Beck;evgen20@yahoo.com;925-408-8546-Evgen Polsunov : report@inboxbear.com;+44775254885-Test_deposition2022-16-25-39 : deponent;256662;256652]</td>
          <td class="col-duration">125.03</td>
          <td class="col-links"></td></tr>
        <tr>
          <td class="extra" colspan="4">
            <div class="log"> -----------------------------Captured stderr setup------------------------------ <br/>

====== WebDriver manager ======
Current google-chrome version is 100.0.4896
Get LATEST chromedriver version for 100.0.4896 google-chrome
Driver [C:\Users\User\.wdm\drivers\chromedriver\win32\100.0.4896.60\chromedriver.exe] found in cache
<br/> -------------------------------Captured log setup------------------------------- <br/>INFO     WDM:logger.py:26 

INFO     WDM:logger.py:26 ====== WebDriver manager ======
INFO     WDM:logger.py:26 Current google-chrome version is 100.0.4896
INFO     WDM:logger.py:26 Get LATEST chromedriver version for 100.0.4896 google-chrome
INFO     WDM:logger.py:26 Driver [C:\Users\User\.wdm\drivers\chromedriver\win32\100.0.4896.60\chromedriver.exe] found in cache<br/></div></td></tr></tbody>
      <tbody class="passed results-table-row">
        <tr>
          <td class="col-result">Passed</td>
          <td class="col-name">tests/test_createdepo_manually.py::test_cr_appearances[Nicholas Peter Burke : testatt@inboxbear.com;+380984521236;Cliona R Plunkett;attorney0@yahoo.com;415-348-3800-William C Lynn : opcounsel@online.ua;925-408-8546;Alyson N Beck;evgen20@yahoo.com;925-408-8546-Evgen Polsunov : report@inboxbear.com;+44775254885-Test_deposition2022-16-25-39 : deponent;256662;256652]</td>
          <td class="col-duration">22.70</td>
          <td class="col-links"></td></tr>
        <tr>
          <td class="extra" colspan="4">
            <div class="log"> -----------------------------Captured stderr setup------------------------------ <br/>

====== WebDriver manager ======
Current google-chrome version is 100.0.4896
Get LATEST chromedriver version for 100.0.4896 google-chrome
Driver [C:\Users\User\.wdm\drivers\chromedriver\win32\100.0.4896.60\chromedriver.exe] found in cache
<br/> -------------------------------Captured log setup------------------------------- <br/>INFO     WDM:logger.py:26 

INFO     WDM:logger.py:26 ====== WebDriver manager ======
INFO     WDM:logger.py:26 Current google-chrome version is 100.0.4896
INFO     WDM:logger.py:26 Get LATEST chromedriver version for 100.0.4896 google-chrome
INFO     WDM:logger.py:26 Driver [C:\Users\User\.wdm\drivers\chromedriver\win32\100.0.4896.60\chromedriver.exe] found in cache<br/></div></td></tr></tbody>
      <tbody class="passed results-table-row">
        <tr>
          <td class="col-result">Passed</td>
          <td class="col-name">tests/test_createdepo_manually.py::test_att_pastdepo_download_transcript</td>
          <td class="col-duration">26.05</td>
          <td class="col-links"></td></tr>
        <tr>
          <td class="extra" colspan="4">
            <div class="log"> -----------------------------Captured stderr setup------------------------------ <br/>

====== WebDriver manager ======
Current google-chrome version is 100.0.4896
Get LATEST chromedriver version for 100.0.4896 google-chrome
Driver [C:\Users\User\.wdm\drivers\chromedriver\win32\100.0.4896.60\chromedriver.exe] found in cache
<br/> -------------------------------Captured log setup------------------------------- <br/>INFO     WDM:logger.py:26 

INFO     WDM:logger.py:26 ====== WebDriver manager ======
INFO     WDM:logger.py:26 Current google-chrome version is 100.0.4896
INFO     WDM:logger.py:26 Get LATEST chromedriver version for 100.0.4896 google-chrome
INFO     WDM:logger.py:26 Driver [C:\Users\User\.wdm\drivers\chromedriver\win32\100.0.4896.60\chromedriver.exe] found in cache<br/></div></td></tr></tbody>
      <tbody class="passed results-table-row">
        <tr>
          <td class="col-result">Passed</td>
          <td class="col-name">tests/test_createdepo_manually.py::test_att_past_depo_download_depo</td>
          <td class="col-duration">24.89</td>
          <td class="col-links"></td></tr>
        <tr>
          <td class="extra" colspan="4">
            <div class="log"> -----------------------------Captured stderr setup------------------------------ <br/>

====== WebDriver manager ======
Current google-chrome version is 100.0.4896
Get LATEST chromedriver version for 100.0.4896 google-chrome
Driver [C:\Users\User\.wdm\drivers\chromedriver\win32\100.0.4896.60\chromedriver.exe] found in cache
<br/> -------------------------------Captured log setup------------------------------- <br/>INFO     WDM:logger.py:26 

INFO     WDM:logger.py:26 ====== WebDriver manager ======
INFO     WDM:logger.py:26 Current google-chrome version is 100.0.4896
INFO     WDM:logger.py:26 Get LATEST chromedriver version for 100.0.4896 google-chrome
INFO     WDM:logger.py:26 Driver [C:\Users\User\.wdm\drivers\chromedriver\win32\100.0.4896.60\chromedriver.exe] found in cache<br/></div></td></tr></tbody>
      <tbody class="passed results-table-row">
        <tr>
          <td class="col-result">Passed</td>
          <td class="col-name">tests/test_login.py::test_login_attorney</td>
          <td class="col-duration">13.50</td>
          <td class="col-links"></td></tr>
        <tr>
          <td class="extra" colspan="4">
            <div class="log"> -----------------------------Captured stderr setup------------------------------ <br/>

====== WebDriver manager ======
Current google-chrome version is 100.0.4896
Get LATEST chromedriver version for 100.0.4896 google-chrome
Driver [C:\Users\User\.wdm\drivers\chromedriver\win32\100.0.4896.60\chromedriver.exe] found in cache
<br/> -------------------------------Captured log setup------------------------------- <br/>INFO     WDM:logger.py:26 

INFO     WDM:logger.py:26 ====== WebDriver manager ======
INFO     WDM:logger.py:26 Current google-chrome version is 100.0.4896
INFO     WDM:logger.py:26 Get LATEST chromedriver version for 100.0.4896 google-chrome
INFO     WDM:logger.py:26 Driver [C:\Users\User\.wdm\drivers\chromedriver\win32\100.0.4896.60\chromedriver.exe] found in cache<br/></div></td></tr></tbody>
      <tbody class="passed results-table-row">
        <tr>
          <td class="col-result">Passed</td>
          <td class="col-name">tests/test_login.py::test_login_secretary</td>
          <td class="col-duration">12.41</td>
          <td class="col-links"></td></tr>
        <tr>
          <td class="extra" colspan="4">
            <div class="log"> -----------------------------Captured stderr setup------------------------------ <br/>

====== WebDriver manager ======
Current google-chrome version is 100.0.4896
Get LATEST chromedriver version for 100.0.4896 google-chrome
Driver [C:\Users\User\.wdm\drivers\chromedriver\win32\100.0.4896.60\chromedriver.exe] found in cache
<br/> -------------------------------Captured log setup------------------------------- <br/>INFO     WDM:logger.py:26 

INFO     WDM:logger.py:26 ====== WebDriver manager ======
INFO     WDM:logger.py:26 Current google-chrome version is 100.0.4896
INFO     WDM:logger.py:26 Get LATEST chromedriver version for 100.0.4896 google-chrome
INFO     WDM:logger.py:26 Driver [C:\Users\User\.wdm\drivers\chromedriver\win32\100.0.4896.60\chromedriver.exe] found in cache<br/></div></td></tr></tbody>
      <tbody class="passed results-table-row">
        <tr>
          <td class="col-result">Passed</td>
          <td class="col-name">tests/test_login.py::test_login_cr</td>
          <td class="col-duration">11.11</td>
          <td class="col-links"></td></tr>
        <tr>
          <td class="extra" colspan="4">
            <div class="log"> -----------------------------Captured stderr setup------------------------------ <br/>

====== WebDriver manager ======
Current google-chrome version is 100.0.4896
Get LATEST chromedriver version for 100.0.4896 google-chrome
Driver [C:\Users\User\.wdm\drivers\chromedriver\win32\100.0.4896.60\chromedriver.exe] found in cache
<br/> -------------------------------Captured log setup------------------------------- <br/>INFO     WDM:logger.py:26 

INFO     WDM:logger.py:26 ====== WebDriver manager ======
INFO     WDM:logger.py:26 Current google-chrome version is 100.0.4896
INFO     WDM:logger.py:26 Get LATEST chromedriver version for 100.0.4896 google-chrome
INFO     WDM:logger.py:26 Driver [C:\Users\User\.wdm\drivers\chromedriver\win32\100.0.4896.60\chromedriver.exe] found in cache<br/></div></td></tr></tbody>
      <tbody class="passed results-table-row">
        <tr>
          <td class="col-result">Passed</td>
          <td class="col-name">tests/test_registration.py::test_add_secreatry[secreatry2022_16_25_39@zetmail.com : Ella]</td>
          <td class="col-duration">24.23</td>
          <td class="col-links"></td></tr>
        <tr>
          <td class="extra" colspan="4">
            <div class="log"> -----------------------------Captured stderr setup------------------------------ <br/>

====== WebDriver manager ======
Current google-chrome version is 100.0.4896
Get LATEST chromedriver version for 100.0.4896 google-chrome
Driver [C:\Users\User\.wdm\drivers\chromedriver\win32\100.0.4896.60\chromedriver.exe] found in cache
<br/> -------------------------------Captured log setup------------------------------- <br/>INFO     WDM:logger.py:26 

INFO     WDM:logger.py:26 ====== WebDriver manager ======
INFO     WDM:logger.py:26 Current google-chrome version is 100.0.4896
INFO     WDM:logger.py:26 Get LATEST chromedriver version for 100.0.4896 google-chrome
INFO     WDM:logger.py:26 Driver [C:\Users\User\.wdm\drivers\chromedriver\win32\100.0.4896.60\chromedriver.exe] found in cache<br/></div></td></tr></tbody>
      <tbody class="passed results-table-row">
        <tr>
          <td class="col-result">Passed</td>
          <td class="col-name">tests/test_secondary_attorney.py::test_add_card_attorney</td>
          <td class="col-duration">28.10</td>
          <td class="col-links"></td></tr>
        <tr>
          <td class="extra" colspan="4">
            <div class="log"> -----------------------------Captured stderr setup------------------------------ <br/>

====== WebDriver manager ======
Current google-chrome version is 100.0.4896
Get LATEST chromedriver version for 100.0.4896 google-chrome
Driver [C:\Users\User\.wdm\drivers\chromedriver\win32\100.0.4896.60\chromedriver.exe] found in cache
<br/> -------------------------------Captured log setup------------------------------- <br/>INFO     WDM:logger.py:26 

INFO     WDM:logger.py:26 ====== WebDriver manager ======
INFO     WDM:logger.py:26 Current google-chrome version is 100.0.4896
INFO     WDM:logger.py:26 Get LATEST chromedriver version for 100.0.4896 google-chrome
INFO     WDM:logger.py:26 Driver [C:\Users\User\.wdm\drivers\chromedriver\win32\100.0.4896.60\chromedriver.exe] found in cache<br/></div></td></tr></tbody>
      <tbody class="passed results-table-row">
        <tr>
          <td class="col-result">Passed</td>
          <td class="col-name">tests/test_secondary_attorney.py::test_calendar_att</td>
          <td class="col-duration">17.26</td>
          <td class="col-links"></td></tr>
        <tr>
          <td class="extra" colspan="4">
            <div class="log"> -----------------------------Captured stderr setup------------------------------ <br/>

====== WebDriver manager ======
Current google-chrome version is 100.0.4896
Get LATEST chromedriver version for 100.0.4896 google-chrome
Driver [C:\Users\User\.wdm\drivers\chromedriver\win32\100.0.4896.60\chromedriver.exe] found in cache
<br/> -------------------------------Captured log setup------------------------------- <br/>INFO     WDM:logger.py:26 

INFO     WDM:logger.py:26 ====== WebDriver manager ======
INFO     WDM:logger.py:26 Current google-chrome version is 100.0.4896
INFO     WDM:logger.py:26 Get LATEST chromedriver version for 100.0.4896 google-chrome
INFO     WDM:logger.py:26 Driver [C:\Users\User\.wdm\drivers\chromedriver\win32\100.0.4896.60\chromedriver.exe] found in cache<br/></div></td></tr></tbody>
      <tbody class="passed results-table-row">
        <tr>
          <td class="col-result">Passed</td>
          <td class="col-name">tests/test_secondary_attorney.py::test_search_attorney</td>
          <td class="col-duration">14.92</td>
          <td class="col-links"></td></tr>
        <tr>
          <td class="extra" colspan="4">
            <div class="log"> -----------------------------Captured stderr setup------------------------------ <br/>

====== WebDriver manager ======
Current google-chrome version is 100.0.4896
Get LATEST chromedriver version for 100.0.4896 google-chrome
Driver [C:\Users\User\.wdm\drivers\chromedriver\win32\100.0.4896.60\chromedriver.exe] found in cache
<br/> -------------------------------Captured log setup------------------------------- <br/>INFO     WDM:logger.py:26 

INFO     WDM:logger.py:26 ====== WebDriver manager ======
INFO     WDM:logger.py:26 Current google-chrome version is 100.0.4896
INFO     WDM:logger.py:26 Get LATEST chromedriver version for 100.0.4896 google-chrome
INFO     WDM:logger.py:26 Driver [C:\Users\User\.wdm\drivers\chromedriver\win32\100.0.4896.60\chromedriver.exe] found in cache<br/></div></td></tr></tbody>
      <tbody class="passed results-table-row">
        <tr>
          <td class="col-result">Passed</td>
          <td class="col-name">tests/test_secondary_cr.py::test_edit_price[1 : 2;2;2;2;5;100;2]</td>
          <td class="col-duration">20.28</td>
          <td class="col-links"></td></tr>
        <tr>
          <td class="extra" colspan="4">
            <div class="log"> -----------------------------Captured stderr setup------------------------------ <br/>

====== WebDriver manager ======
Current google-chrome version is 100.0.4896
Get LATEST chromedriver version for 100.0.4896 google-chrome
Driver [C:\Users\User\.wdm\drivers\chromedriver\win32\100.0.4896.60\chromedriver.exe] found in cache
<br/> -------------------------------Captured log setup------------------------------- <br/>INFO     WDM:logger.py:26 

INFO     WDM:logger.py:26 ====== WebDriver manager ======
INFO     WDM:logger.py:26 Current google-chrome version is 100.0.4896
INFO     WDM:logger.py:26 Get LATEST chromedriver version for 100.0.4896 google-chrome
INFO     WDM:logger.py:26 Driver [C:\Users\User\.wdm\drivers\chromedriver\win32\100.0.4896.60\chromedriver.exe] found in cache<br/></div></td></tr></tbody>
      <tbody class="passed results-table-row">
        <tr>
          <td class="col-result">Passed</td>
          <td class="col-name">tests/test_secondary_cr.py::test_calendar_cr</td>
          <td class="col-duration">15.86</td>
          <td class="col-links"></td></tr>
        <tr>
          <td class="extra" colspan="4">
            <div class="log"> -----------------------------Captured stderr setup------------------------------ <br/>

====== WebDriver manager ======
Current google-chrome version is 100.0.4896
Get LATEST chromedriver version for 100.0.4896 google-chrome
Driver [C:\Users\User\.wdm\drivers\chromedriver\win32\100.0.4896.60\chromedriver.exe] found in cache
<br/> -------------------------------Captured log setup------------------------------- <br/>INFO     WDM:logger.py:26 

INFO     WDM:logger.py:26 ====== WebDriver manager ======
INFO     WDM:logger.py:26 Current google-chrome version is 100.0.4896
INFO     WDM:logger.py:26 Get LATEST chromedriver version for 100.0.4896 google-chrome
INFO     WDM:logger.py:26 Driver [C:\Users\User\.wdm\drivers\chromedriver\win32\100.0.4896.60\chromedriver.exe] found in cache<br/></div></td></tr></tbody></table></body></html>